15:29:47.487 INFO [GridLauncherV3.parse] - Selenium server version: 3.141.59, revision: e82be7d358
15:29:47.541 INFO [GridLauncherV3.lambda$buildLaunchers$3] - Launching a standalone Selenium Server on port 4444
2020-01-27 15:29:47.578:INFO::main: Logging initialized @236ms to org.seleniumhq.jetty9.util.log.StdErrLog
15:29:47.741 INFO [WebDriverServlet.<init>] - Initialising WebDriverServlet
15:29:48.121 INFO [SeleniumServer.boot] - Selenium Server is up and running on port 4444
15:29:48.389 INFO [ActiveSessionFactory.apply] - Capabilities are: {
  "browserName": "chrome",
  "chromeOptions": {
    "w3c": false
  },
  "name": "Section Links Tests"
}
15:29:48.392 INFO [ActiveSessionFactory.lambda$apply$11] - Matched factory org.openqa.selenium.grid.session.remote.ServicedSession$Factory (provider: org.openqa.selenium.chrome.ChromeDriverService)
Starting ChromeDriver 79.0.3945.36 (3582db32b33893869b8c1339e8f4d9ed1816f143-refs/branch-heads/3945@{#614}) on port 11758
Only local connections are allowed.
Please protect ports used by ChromeDriver and related test frameworks to prevent access by malicious code.
[1580164191.603][WARNING]: Timed out connecting to Chrome, retrying...
15:29:53.634 INFO [ProtocolHandshake.createSession] - Detected dialect: OSS
15:29:53.806 INFO [RemoteSession$Factory.lambda$performHandshake$0] - Started new session 07838f30ec9f2499e3ca4f81cc38cedd (org.openqa.selenium.chrome.ChromeDriverService)
[1580164216.107][WARNING]: Timed out connecting to Chrome, retrying...
[1580164235.345][WARNING]: Timed out connecting to Chrome, retrying...
[1580164239.346][WARNING]: Timed out connecting to Chrome, retrying...
15:30:47.378 INFO [ActiveSessions$1.onStop] - Removing session 07838f30ec9f2499e3ca4f81cc38cedd (org.openqa.selenium.chrome.ChromeDriverService)
